<?xml version="1.0" encoding="UTF-8"?>
<testsuite xmlns:xsi="http://www.w3.org/2001/XMLSchema-instance" xsi:noNamespaceSchemaLocation="https://maven.apache.org/surefire/maven-surefire-plugin/xsd/surefire-test-report.xsd" name="blog.dao.UserDaoDBTest" time="0.608" tests="8" errors="0" skipped="0" failures="0">
  <properties>
[...]
</properties>
  <testcase name="testGetAllUsers" classname="blog.dao.UserDaoDBTest" time="0.081"/>
  <testcase name="testUpdateUser" classname="blog.dao.UserDaoDBTest" time="0.12"/>
  <testcase name="testGetUserByUsername2" classname="blog.dao.UserDaoDBTest" time="0.134"/>
  <testcase name="testGetUserByUsername" classname="blog.dao.UserDaoDBTest" time="0.046"/>
  <testcase name="testCreateUser" classname="blog.dao.UserDaoDBTest" time="0.024"/>
  <testcase name="testDeleteUser" classname="blog.dao.UserDaoDBTest" time="0.051"/>
  <testcase name="testGetUserById" classname="blog.dao.UserDaoDBTest" time="0.11"/>
  <testcase name="testGetUserById2" classname="blog.dao.UserDaoDBTest" time="0.022"/>
</testsuite>